<?xml version="1.0" encoding="UTF-8"?>
<!-- Generated by org.testng.reporters.JUnitXMLReporter -->
<testsuite hostname="admin" failures="0" tests="7" name="/home/admin1/selenium/FaceBookTestWithSelenium" time="16.41" errors="0" timestamp="22 Jan 2020 04:32:11 GMT">
  <testcase classname="com.bridgelabz.facebook.scripts.TestFaceBook" name="@BeforeTest setup" time="0.0">
    <failure type="org.testng.TestNGException" message="
Parameter &amp;apos;browser&amp;apos; is required by @Configuration on method setup but has not been marked @Optional or defined
in /home/admin1/selenium/FaceBookTestWithSelenium/testng.xml">
      <![CDATA[org.testng.TestNGException: 
Parameter 'browser' is required by @Configuration on method setup but has not been marked @Optional or defined
in /home/admin1/selenium/FaceBookTestWithSelenium/testng.xml
	at org.testng.internal.Parameters.createParameters(Parameters.java:148)
	at org.testng.internal.Parameters.createParameters(Parameters.java:361)
	at org.testng.internal.Parameters.createConfigurationParameters(Parameters.java:84)
	at org.testng.internal.Invoker.invokeConfigurations(Invoker.java:197)
	at org.testng.internal.Invoker.invokeConfigurations(Invoker.java:138)
	at org.testng.TestRunner.beforeRun(TestRunner.java:647)
	at org.testng.TestRunner.run(TestRunner.java:615)
	at org.testng.SuiteRunner.runTest(SuiteRunner.java:357)
	at org.testng.SuiteRunner.runSequentially(SuiteRunner.java:352)
	at org.testng.SuiteRunner.privateRun(SuiteRunner.java:310)
	at org.testng.SuiteRunner.run(SuiteRunner.java:259)
	at org.testng.SuiteRunnerWorker.runSuite(SuiteRunnerWorker.java:52)
	at org.testng.SuiteRunnerWorker.run(SuiteRunnerWorker.java:86)
	at org.testng.TestNG.runSuitesSequentially(TestNG.java:1185)
	at org.testng.TestNG.runSuitesLocally(TestNG.java:1110)
	at org.testng.TestNG.run(TestNG.java:1018)
	at org.testng.IDEARemoteTestNG.run(IDEARemoteTestNG.java:73)
	at org.testng.RemoteTestNGStarter.main(RemoteTestNGStarter.java:123)
]]>
    </failure>
  </testcase> <!-- @BeforeTest setup -->
  <testcase classname="com.bridgelabz.facebook.scripts.TestFaceBook" name="@AfterMethod close" time="0.0">
    <skipped/>
  </testcase> <!-- @AfterMethod close -->
  <testcase classname="com.bridgelabz.facebook.scripts.TestFaceBook" name="@AfterMethod close" time="0.0">
    <skipped/>
  </testcase> <!-- @AfterMethod close -->
  <testcase classname="com.bridgelabz.facebook.scripts.TestFaceBook" name="@AfterMethod close" time="0.0">
    <skipped/>
  </testcase> <!-- @AfterMethod close -->
  <testcase classname="com.bridgelabz.facebook.scripts.TestFaceBook" name="@AfterMethod close" time="0.0">
    <skipped/>
  </testcase> <!-- @AfterMethod close -->
  <testcase classname="com.bridgelabz.facebook.scripts.TestFaceBook" name="@AfterMethod close" time="0.0">
    <skipped/>
  </testcase> <!-- @AfterMethod close -->
  <testcase classname="com.bridgelabz.facebook.pompages.CrossBrowserScript" name="testParameterWithXML" time="0.0">
    <skipped/>
  </testcase> <!-- testParameterWithXML -->
  <testcase classname="com.bridgelabz.facebook.pompages.HandleMultipleWindows" name="testMultipleWindows" time="0.0">
    <skipped/>
  </testcase> <!-- testMultipleWindows -->
  <testcase classname="com.bridgelabz.facebook.scripts.TestFaceBook" name="testFaceBookLogin" time="0.0">
    <skipped/>
  </testcase> <!-- testFaceBookLogin -->
  <testcase classname="com.bridgelabz.facebook.scripts.TestFaceBook" name="testCaptureScreenshotFacebookPage" time="0.0">
    <skipped/>
  </testcase> <!-- testCaptureScreenshotFacebookPage -->
  <testcase classname="com.bridgelabz.facebook.scripts.TestFaceBook" name="testUploadProfilePicture" time="0.0">
    <skipped/>
  </testcase> <!-- testUploadProfilePicture -->
  <testcase classname="com.bridgelabz.facebook.scripts.TestFaceBook" name="testDownLoadingImage" time="0.0">
    <skipped/>
  </testcase> <!-- testDownLoadingImage -->
  <testcase classname="com.bridgelabz.facebook.scripts.TestFaceBook" name="testAutoInputDate" time="0.0">
    <skipped/>
  </testcase> <!-- testAutoInputDate -->
</testsuite> <!-- /home/admin1/selenium/FaceBookTestWithSelenium -->
